d:\projects\education\independent-studies\classes-sourcecode\learncpp\learncpp\x64\debug\vc142.pdb
d:\projects\education\independent-studies\classes-sourcecode\learncpp\learncpp\x64\debug\vc142.idb
d:\projects\education\independent-studies\classes-sourcecode\learncpp\learncpp\x64\debug\main.obj
d:\projects\education\independent-studies\classes-sourcecode\learncpp\learncpp\x64\debug\chapters.obj
d:\projects\education\independent-studies\classes-sourcecode\learncpp\learncpp\x64\debug\chaptero.obj
d:\projects\education\independent-studies\classes-sourcecode\learncpp\learncpp\x64\debug\chapterfive.obj
d:\projects\education\independent-studies\classes-sourcecode\learncpp\learncpp\x64\debug\chaptertwo.obj
d:\projects\education\independent-studies\classes-sourcecode\learncpp\learncpp\x64\debug\chaptersix.obj
d:\projects\education\independent-studies\classes-sourcecode\learncpp\learncpp\x64\debug\chapterp.obj
d:\projects\education\independent-studies\classes-sourcecode\learncpp\learncpp\x64\debug\chapterl.obj
d:\projects\education\independent-studies\classes-sourcecode\learncpp\learncpp\x64\debug\chapterfour.obj
d:\projects\education\independent-studies\classes-sourcecode\learncpp\learncpp\x64\debug\chapterf.obj
d:\projects\education\independent-studies\classes-sourcecode\learncpp\learncpp\x64\debug\chaptereight.obj
d:\projects\education\independent-studies\classes-sourcecode\learncpp\x64\debug\learncpp.exe
d:\projects\education\independent-studies\classes-sourcecode\learncpp\x64\debug\learncpp.ilk
d:\projects\education\independent-studies\classes-sourcecode\learncpp\x64\debug\learncpp.pdb
d:\projects\education\independent-studies\classes-sourcecode\learncpp\learncpp\x64\debug\learncpp.tlog\cl.command.1.tlog
d:\projects\education\independent-studies\classes-sourcecode\learncpp\learncpp\x64\debug\learncpp.tlog\cl.read.1.tlog
d:\projects\education\independent-studies\classes-sourcecode\learncpp\learncpp\x64\debug\learncpp.tlog\cl.write.1.tlog
d:\projects\education\independent-studies\classes-sourcecode\learncpp\learncpp\x64\debug\learncpp.tlog\link.command.1.tlog
d:\projects\education\independent-studies\classes-sourcecode\learncpp\learncpp\x64\debug\learncpp.tlog\link.read.1.tlog
d:\projects\education\independent-studies\classes-sourcecode\learncpp\learncpp\x64\debug\learncpp.tlog\link.write.1.tlog
